Build started 2017/8/16 6:09:05.
     1>Project "D:\practice\qtpjt\HelloWorld\HelloWorld\HelloWorld.vcxproj" on node 2 (build target(s)).
     1>InitializeBuildStatus:
         Creating "Debug\HelloWorld.unsuccessfulbuild" because "AlwaysCreate" was specified.
       CustomBuild:
         Moc'ing MyDIP.h...
         Uic'ing MyDIP.ui...
       ClCompile:
         E:\Program Files (x86)\Microsoft Visual Studio 10.0\VC\bin\CL.exe /c /I.\GeneratedFiles /I. /IE:\Qt\Qt5.4.1\5.4\msvc2010_opengl\include /I.\GeneratedFiles\Debug /IE:\Qt\Qt5.4.1\5.4\msvc2010_opengl\include\QtCore /IE:\Qt\Qt5.4.1\5.4\msvc2010_opengl\include\QtGui /IE:\Qt\Qt5.4.1\5.4\msvc2010_opengl\include\QtWidgets /IE:\Qt\Qt5.4.1\5.4\msvc2010_opengl\include\QtNetwork /Zi /nologo /W1 /WX- /Od /Oy- /D UNICODE /D WIN32 /D WIN64 /D QT_DLL /D QT_CORE_LIB /D QT_GUI_LIB /D QT_WIDGETS_LIB /D QT_NETWORK_LIB /Gm- /EHsc /MDd /GS /fp:precise /Zc:wchar_t /Zc:forScope /Fo"Debug\\" /Fd"Debug\vc100.pdb" /Gd /TP /analyze- /errorReport:prompt GeneratedFiles\Debug\moc_MyDIP.cpp main.cpp MyDIP.cpp
         moc_MyDIP.cpp
         main.cpp
     1>d:\practice\qtpjt\helloworld\helloworld\MyTCPCom.h(26): warning C4091: 'typedef ' : ignored on left of 'InfoAlarm' when no variable is declared
         MyDIP.cpp
         Generating Code...
         All outputs are up-to-date.
       Link:
         E:\Program Files (x86)\Microsoft Visual Studio 10.0\VC\bin\link.exe /ERRORREPORT:PROMPT /OUT:"D:\practice\qtpjt\HelloWorld\Win32\Debug\\HelloWorld.exe" /NOLOGO /LIBPATH:D:\practice\qtpjt\HelloWorld\Debug /LIBPATH:E:\Qt\Qt5.4.1\5.4\msvc2010_opengl\lib qtmaind.lib Qt5Cored.lib Qt5Guid.lib Qt5Widgetsd.lib IVFDConfig.lib Qt5Networkd.lib opencv_ml247d.lib opencv_calib3d247d.lib opencv_contrib247d.lib opencv_core247d.lib opencv_features2d247d.lib opencv_flann247d.lib opencv_gpu247d.lib opencv_highgui247d.lib opencv_imgproc247d.lib opencv_legacy247d.lib opencv_objdetect247d.lib opencv_ts247d.lib opencv_video247d.lib opencv_nonfree247d.lib opencv_ocl247d.lib opencv_photo247d.lib opencv_stitching247d.lib opencv_superres247d.lib opencv_videostab247d.lib kernel32.lib user32.lib gdi32.lib winspool.lib comdlg32.lib advapi32.lib shell32.lib ole32.lib oleaut32.lib uuid.lib odbc32.lib odbccp32.lib /MANIFEST /ManifestFile:"Debug\HelloWorld.exe.intermediate.manifest" /MANIFESTUAC:"level='asInvoker' uiAccess='false'" /DEBUG /PDB:"D:\practice\qtpjt\HelloWorld\Win32\Debug\HelloWorld.pdb" /SUBSYSTEM:WINDOWS /TLBID:1 /DYNAMICBASE /NXCOMPAT /IMPLIB:"D:\practice\qtpjt\HelloWorld\Win32\Debug\HelloWorld.lib" /MACHINE:X86 Debug\EventWidget.obj
         Debug\moc_EventWidget.obj
         Debug\moc_helloworld.obj
         Debug\moc_MyApplication.obj
         Debug\moc_MyDialog.obj
         Debug\moc_MyDIP.obj
         Debug\moc_MyGraphic.obj
         Debug\moc_MyPainter.obj
         Debug\moc_MyTCPCom.obj
         Debug\moc_MyWidget.obj
         Debug\qrc_helloworld.obj
         Debug\helloworld.obj
         Debug\main.obj
         Debug\MyApplication.obj
         Debug\MyDialog.obj
         Debug\MyDIP.obj
         Debug\MyGraphic.obj
         Debug\MyPainter.obj
         Debug\MyTCPCom.obj
         Debug\MyWidget.obj
         D:\practice\qtpjt\HelloWorld\Debug\IVFDConfig.lib
         LINK : D:\practice\qtpjt\HelloWorld\Win32\Debug\\HelloWorld.exe not found or not built by the last incremental link; performing full link
         HelloWorld.vcxproj -> D:\practice\qtpjt\HelloWorld\Win32\Debug\HelloWorld.exe
       Manifest:
         C:\Program Files (x86)\Microsoft SDKs\Windows\v7.0A\bin\mt.exe /nologo /verbose /outputresource:"D:\practice\qtpjt\HelloWorld\Win32\Debug\\HelloWorld.exe;#1" /manifest Debug\HelloWorld.exe.intermediate.manifest
       FinalizeBuildStatus:
         Deleting file "Debug\HelloWorld.unsuccessfulbuild".
         Touching "Debug\HelloWorld.lastbuildstate".
     1>Done Building Project "D:\practice\qtpjt\HelloWorld\HelloWorld\HelloWorld.vcxproj" (build target(s)).

Project Performance Summary:
       17 ms  D:\practice\qtpjt\HelloWorld\IVFDConfig\IVFDConfig.vcxproj   4 calls
                  3 ms  GetTargetPath                              1 calls
                  1 ms  GetNativeManifest                          1 calls
                  8 ms  GetResolvedLinkLibs                        1 calls
                  5 ms  GetCopyToOutputDirectoryItems              1 calls
     9418 ms  D:\practice\qtpjt\HelloWorld\HelloWorld\HelloWorld.vcxproj   1 calls
               9418 ms  build                                      1 calls

Target Performance Summary:
        0 ms  PrepareResourceNames                       1 calls
        0 ms  _Manifest                                  1 calls
        0 ms  _DetermineManagedStateFromCL               2 calls
        0 ms  AfterBuildCompileEvent                     1 calls
        0 ms  ComputeLinkImportLibraryOutputsForClean    1 calls
        0 ms  _ClCompile                                 1 calls
        0 ms  SelectCustomBuild                          1 calls
        0 ms  CreateCustomManifestResourceNames          1 calls
        0 ms  GetReferenceAssemblyPaths                  2 calls
        0 ms  PlatformPrepareForBuild                    2 calls
        0 ms  BeforeBuildGenerateSources                 1 calls
        0 ms  BuildLink                                  1 calls
        0 ms  MakeDirsForXdcMake                         1 calls
        0 ms  _XdcMake                                   1 calls
        0 ms  AfterMidl                                  1 calls
        0 ms  BeforeResourceCompile                      1 calls
        0 ms  _Deploy                                    1 calls
        0 ms  PreLinkEvent                               1 calls
        0 ms  _Midl                                      1 calls
        0 ms  _Xsd                                       1 calls
        0 ms  ComputeLinkInputsFromProject               1 calls
        0 ms  ComputeManifestInputsTargets               1 calls
        0 ms  BuildLinkTraverse                          1 calls
        0 ms  _ResourceCompile                           1 calls
        0 ms  ComputeRCOutputs                           1 calls
        0 ms  ComputeResolveLinkObj                      1 calls
        0 ms  MakeDirsForResourceCompile                 1 calls
        0 ms  ComputeCLCompileGeneratedSbrFiles          1 calls
        0 ms  GetResolvedLinkLibs                        1 calls
        0 ms  _RemoveNameMetadataFromProjectReferenceItems   1 calls
        0 ms  _ALink                                     1 calls
        0 ms  MakeDirsForLink                            1 calls
        0 ms  _CheckForCompileOutputs                    1 calls
        0 ms  AfterClCompile                             1 calls
        0 ms  CopyFilesToOutputDirectory                 1 calls
        0 ms  SelectClCompile                            1 calls
        0 ms  ResolveReferences                          2 calls
        0 ms  BeforeLink                                 1 calls
        0 ms  AfterBuildGenerateSources                  1 calls
        0 ms  BuildGenerateSourcesTraverse               1 calls
        0 ms  _GenerateXMLData                           1 calls
        0 ms  AfterLink                                  1 calls
        0 ms  ComputeManifestGeneratedLinkerInputs       1 calls
        0 ms  AfterBuild                                 1 calls
        0 ms  ComputeMIDLGeneratedCompileInputs          1 calls
        0 ms  _BscMake                                   1 calls
        0 ms  BuildGenerateSources                       1 calls
        0 ms  GetTargetPath                              1 calls
        0 ms  BuildCompileTraverse                       1 calls
        0 ms  Build                                      1 calls
        0 ms  _Link                                      1 calls
        0 ms  AfterResourceCompile                       1 calls
        0 ms  AfterBuildGenerateSourcesEvent             1 calls
        0 ms  BuildCompile                               1 calls
        0 ms  _DetermineManagedStateForLink              1 calls
        0 ms  _GenerateWebServiceProxy                   1 calls
        0 ms  _CopySourceItemsToOutputDirectory          1 calls
        0 ms  CreateSatelliteAssemblies                  1 calls
        0 ms  ComputeRCGeneratedLinkInputs               1 calls
        0 ms  _Appverifier                               1 calls
        0 ms  AfterResolveReferences                     2 calls
        0 ms  BeforeClCompile                            1 calls
        0 ms  _SelectedFiles                             1 calls
        1 ms  ComputeCLOutputs                           1 calls
        1 ms  SplitResourcesByCulture                    1 calls
        1 ms  ComputeCLInputPDBName                      1 calls
        1 ms  GetNativeManifest                          1 calls
        1 ms  PreBuildEvent                              1 calls
        1 ms  MakeDirsForBscMake                         1 calls
        1 ms  ResolvedXDCMake                            1 calls
        1 ms  PostBuildEvent                             1 calls
        1 ms  MakeDirsForManifest                        1 calls
        1 ms  _GenerateSatelliteAssemblyInputs           1 calls
        1 ms  _PrepareForBuild                           1 calls
        1 ms  DoLinkOutputFilesMatch                     1 calls
        1 ms  ComputeCLCompileGeneratedXDCFiles          1 calls
        1 ms  ComputeReferenceLinkInputs                 1 calls
        1 ms  MakeDirsForMidl                            1 calls
        1 ms  MakeDirsForCl                              1 calls
        1 ms  ComputeCLGeneratedLinkInputs               1 calls
        1 ms  BeforeResolveReferences                    2 calls
        2 ms  GetFrameworkPaths                          2 calls
        2 ms  RegisterOutput                             1 calls
        2 ms  _SplitProjectReferencesByFileExistence     2 calls
        2 ms  FinalizeBuildStatus                        1 calls
        2 ms  PrepareForBuild                            2 calls
        3 ms  ComputeReferenceCLInput                    1 calls
        3 ms  AssignProjectConfiguration                 1 calls
        4 ms  ComputeCustomBuildOutput                   1 calls
        5 ms  AssignTargetPaths                          2 calls
        6 ms  _CheckForInvalidConfigurationAndPlatform   2 calls
        9 ms  SetBuildDefaultEnvironmentVariables        2 calls
       11 ms  InitializeBuildStatus                      1 calls
       18 ms  GetCopyToOutputDirectoryItems              2 calls
       38 ms  ResolvedLinkLib                            1 calls
       46 ms  ResolveProjectReferences                   2 calls
      241 ms  Manifest                                   1 calls
      564 ms  Link                                       1 calls
     3512 ms  CustomBuild                                1 calls
     4941 ms  ClCompile                                  1 calls

Task Performance Summary:
        0 ms  AssignTargetPath                          10 calls
        0 ms  AssignCulture                              1 calls
        1 ms  ResolveNonMSBuildProjectOutput             1 calls
        1 ms  Message                                    5 calls
        1 ms  Delete                                     1 calls
        1 ms  ReadLinesFromFile                          1 calls
        3 ms  MakeDir                                   12 calls
        3 ms  AssignProjectConfiguration                 1 calls
        6 ms  Touch                                      2 calls
        7 ms  WriteLinesToFile                           2 calls
        8 ms  SetEnv                                     8 calls
      100 ms  MSBuild                                    4 calls
      241 ms  Mt                                         1 calls
      560 ms  Link                                       1 calls
     3512 ms  CustomBuild                                1 calls
     4931 ms  CL                                         2 calls

Build succeeded.

Time Elapsed 00:00:09.40
