D:\practice\qtpjt\HelloWorld\HelloWorld\Debug\cl.command.1.tlog
D:\practice\qtpjt\HelloWorld\HelloWorld\Debug\CL.read.1.tlog
D:\practice\qtpjt\HelloWorld\HelloWorld\Debug\CL.write.1.tlog
D:\practice\qtpjt\HelloWorld\HelloWorld\Debug\custombuild.command.1.tlog
D:\practice\qtpjt\HelloWorld\HelloWorld\Debug\custombuild.read.1.tlog
D:\practice\qtpjt\HelloWorld\HelloWorld\Debug\custombuild.write.1.tlog
D:\PRACTICE\QTPJT\HELLOWORLD\HELLOWORLD\DEBUG\EVENTWIDGET.OBJ
D:\PRACTICE\QTPJT\HELLOWORLD\HELLOWORLD\DEBUG\HELLOWORLD.EXE.INTERMEDIATE.MANIFEST
D:\PRACTICE\QTPJT\HELLOWORLD\HELLOWORLD\DEBUG\HELLOWORLD.OBJ
D:\practice\qtpjt\HelloWorld\HelloWorld\Debug\HelloWorld.write.1.tlog
D:\practice\qtpjt\HelloWorld\HelloWorld\Debug\link.command.1.tlog
D:\practice\qtpjt\HelloWorld\HelloWorld\Debug\link.read.1.tlog
D:\practice\qtpjt\HelloWorld\HelloWorld\Debug\link.write.1.tlog
D:\PRACTICE\QTPJT\HELLOWORLD\HELLOWORLD\DEBUG\MAIN.OBJ
D:\PRACTICE\QTPJT\HELLOWORLD\HELLOWORLD\DEBUG\MOC_EVENTWIDGET.OBJ
D:\PRACTICE\QTPJT\HELLOWORLD\HELLOWORLD\DEBUG\MOC_HELLOWORLD.OBJ
D:\PRACTICE\QTPJT\HELLOWORLD\HELLOWORLD\DEBUG\MOC_MYAPPLICATION.OBJ
D:\PRACTICE\QTPJT\HELLOWORLD\HELLOWORLD\DEBUG\MOC_MYDIALOG.OBJ
D:\PRACTICE\QTPJT\HELLOWORLD\HELLOWORLD\DEBUG\MOC_MYGRAPHIC.OBJ
D:\PRACTICE\QTPJT\HELLOWORLD\HELLOWORLD\DEBUG\MOC_MYPAINTER.OBJ
D:\PRACTICE\QTPJT\HELLOWORLD\HELLOWORLD\DEBUG\MOC_MYTCPCOM.OBJ
D:\PRACTICE\QTPJT\HELLOWORLD\HELLOWORLD\DEBUG\MOC_MYWIDGET.OBJ
D:\practice\qtpjt\HelloWorld\HelloWorld\Debug\mt.command.1.tlog
D:\practice\qtpjt\HelloWorld\HelloWorld\Debug\mt.read.1.tlog
D:\practice\qtpjt\HelloWorld\HelloWorld\Debug\mt.write.1.tlog
D:\PRACTICE\QTPJT\HELLOWORLD\HELLOWORLD\DEBUG\MYAPPLICATION.OBJ
D:\PRACTICE\QTPJT\HELLOWORLD\HELLOWORLD\DEBUG\MYDIALOG.OBJ
D:\PRACTICE\QTPJT\HELLOWORLD\HELLOWORLD\DEBUG\MYGRAPHIC.OBJ
D:\PRACTICE\QTPJT\HELLOWORLD\HELLOWORLD\DEBUG\MYPAINTER.OBJ
D:\PRACTICE\QTPJT\HELLOWORLD\HELLOWORLD\DEBUG\MYTCPCOM.OBJ
D:\PRACTICE\QTPJT\HELLOWORLD\HELLOWORLD\DEBUG\MYWIDGET.OBJ
D:\PRACTICE\QTPJT\HELLOWORLD\HELLOWORLD\DEBUG\QRC_HELLOWORLD.OBJ
D:\PRACTICE\QTPJT\HELLOWORLD\HELLOWORLD\DEBUG\VC100.PDB
D:\PRACTICE\QTPJT\HELLOWORLD\HELLOWORLD\GENERATEDFILES\DEBUG\MOC_EVENTWIDGET.CPP
D:\PRACTICE\QTPJT\HELLOWORLD\HELLOWORLD\GENERATEDFILES\DEBUG\MOC_HELLOWORLD.CPP
D:\PRACTICE\QTPJT\HELLOWORLD\HELLOWORLD\GENERATEDFILES\DEBUG\MOC_MYAPPLICATION.CPP
D:\PRACTICE\QTPJT\HELLOWORLD\HELLOWORLD\GENERATEDFILES\DEBUG\MOC_MYDIALOG.CPP
D:\PRACTICE\QTPJT\HELLOWORLD\HELLOWORLD\GENERATEDFILES\DEBUG\MOC_MYGRAPHIC.CPP
D:\PRACTICE\QTPJT\HELLOWORLD\HELLOWORLD\GENERATEDFILES\DEBUG\MOC_MYPAINTER.CPP
D:\PRACTICE\QTPJT\HELLOWORLD\HELLOWORLD\GENERATEDFILES\DEBUG\MOC_MYTCPCOM.CPP
D:\PRACTICE\QTPJT\HELLOWORLD\HELLOWORLD\GENERATEDFILES\DEBUG\MOC_MYWIDGET.CPP
D:\PRACTICE\QTPJT\HELLOWORLD\HELLOWORLD\GENERATEDFILES\QRC_HELLOWORLD.CPP
D:\PRACTICE\QTPJT\HELLOWORLD\HELLOWORLD\GENERATEDFILES\UI_HELLOWORLD.H
D:\PRACTICE\QTPJT\HELLOWORLD\HELLOWORLD\GENERATEDFILES\UI_MYDIALOG1.H
D:\PRACTICE\QTPJT\HELLOWORLD\HELLOWORLD\GENERATEDFILES\UI_MYTCPCOM.H
D:\PRACTICE\QTPJT\HELLOWORLD\WIN32\DEBUG\HELLOWORLD.EXE
D:\PRACTICE\QTPJT\HELLOWORLD\WIN32\DEBUG\HELLOWORLD.ILK
D:\PRACTICE\QTPJT\HELLOWORLD\WIN32\DEBUG\HELLOWORLD.PDB
