D:\practice\qtpjt\HelloWorld\IVFDFireDetect\Debug\cl.command.1.tlog
D:\practice\qtpjt\HelloWorld\IVFDFireDetect\Debug\CL.read.1.tlog
D:\practice\qtpjt\HelloWorld\IVFDFireDetect\Debug\CL.write.1.tlog
D:\PRACTICE\QTPJT\HELLOWORLD\IVFDFIREDETECT\DEBUG\IVFDFIREDETECT.DLL.INTERMEDIATE.MANIFEST
D:\PRACTICE\QTPJT\HELLOWORLD\IVFDFIREDETECT\DEBUG\IVFDFIREDETECT.OBJ
D:\PRACTICE\QTPJT\HELLOWORLD\IVFDFIREDETECT\DEBUG\IVFDFIREDETECT.PCH
D:\practice\qtpjt\HelloWorld\IVFDFireDetect\Debug\IVFDFireDetect.write.1.tlog
D:\practice\qtpjt\HelloWorld\IVFDFireDetect\Debug\link.command.1.tlog
D:\practice\qtpjt\HelloWorld\IVFDFireDetect\Debug\link.read.1.tlog
D:\practice\qtpjt\HelloWorld\IVFDFireDetect\Debug\link.write.1.tlog
D:\practice\qtpjt\HelloWorld\IVFDFireDetect\Debug\mt.command.1.tlog
D:\practice\qtpjt\HelloWorld\IVFDFireDetect\Debug\mt.read.1.tlog
D:\practice\qtpjt\HelloWorld\IVFDFireDetect\Debug\mt.write.1.tlog
D:\PRACTICE\QTPJT\HELLOWORLD\IVFDFIREDETECT\DEBUG\STDAFX.OBJ
D:\PRACTICE\QTPJT\HELLOWORLD\IVFDFIREDETECT\DEBUG\VC100.PDB
D:\PRACTICE\QTPJT\HELLOWORLD\WIN32\DEBUG\IVFDFIREDETECT.DLL
D:\practice\qtpjt\HelloWorld\Win32\Debug\IVFDFireDetect.exp
D:\PRACTICE\QTPJT\HELLOWORLD\WIN32\DEBUG\IVFDFIREDETECT.ILK
D:\practice\qtpjt\HelloWorld\Win32\Debug\IVFDFireDetect.lib
D:\PRACTICE\QTPJT\HELLOWORLD\WIN32\DEBUG\IVFDFIREDETECT.PDB
